[learnyouahaskell.com/chapters.html]
[andrew.gibiansky.com/blog/verification/writing-a-sat-solver/index.html]
[book.realworldhaskell.org/read/index.html]
[blog.jakuba.net/2014/07/22/building-monad-transformers-part-1.html]
[blog.jakuba.net/2014/07/08/using-phantom-types-for-extra-safety.html]
[blog.jakuba.net/2014/07/10/using-phantom-types-in-haskell-for-extra-safety-part-2.html]
[blog.jakubarnold.cz/2014/07/14/lens-tutorial-introduction-part-1.html]
[taylor.fausak.me/2014/03/04/haskeleton-a-haskell-project-skeleton/index.html]
[blog.jakuba.net/2014/07/20/mutable-state-in-haskell.html]
[phaazon.blogspot.ca/2014/11/reactive-programming-through-explicit.html]
[phaazon.blogspot.ca/2015/12/existential-quantification-and-gadt-in.html]
[phaazon.blogspot.ca/2015/03/getting-into-netwire.html]
[backblue.gif]
[fade.gif]
[index.html]
[www.mattkeeter.com/projects/constraints/graphs/eval.png]
[www.mattkeeter.com/projects/constraints/index.html]
[www.mattkeeter.com/projects/constraints/vis.js]
[andrew.gibiansky.com/blog/verification/writing-a-sat-solver/index.html]
[andrew.gibiansky.com/blog/verification/writing-a-sat-solver/data/Writing-a-SAT-Solver.ipynb]
[learnyouahaskell.com/favicon.png]
[learnyouahaskell.com/rss.php]
[learnyouahaskell.com/introduction.html]
[learnyouahaskell.com/starting-out.html]
[learnyouahaskell.com/types-and-typeclasses.html]
[learnyouahaskell.com/syntax-in-functions.html]
[learnyouahaskell.com/recursion.html]
[learnyouahaskell.com/higher-order-functions.html]
[learnyouahaskell.com/modules.html]
[learnyouahaskell.com/functionally-solving-problems.html]
[learnyouahaskell.com/making-our-own-types-and-typeclasses.html]
[learnyouahaskell.com/input-and-output.html]
[learnyouahaskell.com/a-fistful-of-monads.html]
[learnyouahaskell.com/functors-applicative-functors-and-monoids.html]
[learnyouahaskell.com/sh/Scripts/shCore.js]
[learnyouahaskell.com/shBrushHaskell.js]
[learnyouahaskell.com/zippers.html]
[learnyouahaskell.com/shBrushPlain.js]
[learnyouahaskell.com/for-a-few-monads-more.html]
[learnyouahaskell.com/chapters.html]
[learnyouahaskell.com/sh/Scripts/clipboard.swf]
[book.realworldhaskell.org/read/why-functional-programming-why-haskell.html]
[book.realworldhaskell.org/read/getting-started.html]
[book.realworldhaskell.org/read/types-and-functions.html]
[book.realworldhaskell.org/read/defining-types-streamlining-functions.html]
[book.realworldhaskell.org/read/functional-programming.html]
[book.realworldhaskell.org/read/writing-a-library-working-with-json-data.html]
[book.realworldhaskell.org/read/using-typeclasses.html]
[book.realworldhaskell.org/read/io.html]
[book.realworldhaskell.org/read/efficient-file-processing-regular-expressions-and-file-name-matching.html]
[book.realworldhaskell.org/read/io-case-study-a-library-for-searching-the-filesystem.html]
[book.realworldhaskell.org/read/code-case-study-parsing-a-binary-data-format.html]
[book.realworldhaskell.org/read/testing-and-quality-assurance.html]
[book.realworldhaskell.org/read/barcode-recognition.html]
[book.realworldhaskell.org/read/data-structures.html]
[book.realworldhaskell.org/read/monads.html]
[book.realworldhaskell.org/read/programming-with-monads.html]
[book.realworldhaskell.org/read/using-parsec.html]
[book.realworldhaskell.org/read/interfacing-with-c-the-ffi.html]
[book.realworldhaskell.org/read/monad-transformers.html]
[book.realworldhaskell.org/read/error-handling.html]
[book.realworldhaskell.org/read/systems-programming-in-haskell.html]
[book.realworldhaskell.org/read/using-databases.html]
[book.realworldhaskell.org/read/extended-example-web-client-programming.html]
[book.realworldhaskell.org/read/gui-programming-with-gtk-hs.html]
[book.realworldhaskell.org/read/concurrent-and-multicore-programming.html]
[book.realworldhaskell.org/read/profiling-and-optimization.html]
[book.realworldhaskell.org/read/advanced-library-design-building-a-bloom-filter.html]
[book.realworldhaskell.org/read/sockets-and-syslog.html]
[book.realworldhaskell.org/read/software-transactional-memory.html]
[book.realworldhaskell.org/read/installing-ghc-and-haskell-libraries.html]
[book.realworldhaskell.org/read/characters-strings-and-escaping-rules.html]
[book.realworldhaskell.org/read/index.html]
[book.realworldhaskell.org/read/web-site-and-comment-system-usage-and-policies.html]
[chimera.labs.oreilly.com/books/1230000000929/index.html]
[blog.jakuba.net/2014/07/22/building-monad-transformers-part-1.html]
[blog.jakuba.net/2014/07/08/using-phantom-types-for-extra-safety.html]
[blog.jakuba.net/2014/07/10/using-phantom-types-in-haskell-for-extra-safety-part-2.html]
[blog.jakubarnold.cz/2014/07/14/lens-tutorial-introduction-part-1.html]
[taylor.fausak.me/2014/03/04/haskeleton-a-haskell-project-skeleton/taylor.fausak.me]
[taylor.fausak.me/2014/03/04/haskeleton-a-haskell-project-skeleton/index.html]
[www.cse.chalmers.se/_rjmh/QuickCheck/manual.html]
[blog.jakuba.net/2014/07/20/mutable-state-in-haskell.html]
[phaazon.blogspot.ca/2014/11/abstracting-over-shader-environment.html]
[phaazon.blogspot.ca/2014/11/reactive-programming-through-explicit.html]
[phaazon.blogspot.ca/2015/12/existential-quantification-and-gadt-in.html]
[phaazon.blogspot.ca/2014/11/foreword-abstracting-what-shaders-are.html]
[phaazon.blogspot.ca/2015/03/al-0112-was-shipped.html]
[phaazon.blogspot.ca/2015/03/getting-into-netwire.html]
[www.mattkeeter.com/projects/constraints/vis.css]
[learnyouahaskell.com/reset.css]
[learnyouahaskell.com/style.css]
[learnyouahaskell.com/sh/Styles/SyntaxHighlighter.css]
[learnyouahaskell.com/introduction.html]
[learnyouahaskell.com/starting-out.html]
[learnyouahaskell.com/types-and-typeclasses.html]
[learnyouahaskell.com/syntax-in-functions.html]
[learnyouahaskell.com/recursion.html]
[learnyouahaskell.com/higher-order-functions.html]
[learnyouahaskell.com/modules.html]
[phaazon.blogspot.ca/2015/03/al-0102-documentation-and-default-paths.html]
[learnyouahaskell.com/making-our-own-types-and-typeclasses.html]
[learnyouahaskell.com/input-and-output.html]
[learnyouahaskell.com/functionally-solving-problems.html]
[learnyouahaskell.com/functors-applicative-functors-and-monoids.html]
[learnyouahaskell.com/a-fistful-of-monads.html]
[learnyouahaskell.com/folds.62.delayed]
[learnyouahaskell.com/reverse-polish-notation-calculator]
[learnyouahaskell.com/for-a-few-monads-more.html]
[learnyouahaskell.com/higher-order-functions/index.html]
[learnyouahaskell.com/60sdude.png]
[learnyouahaskell.com/pollywantsa.png]
[learnyouahaskell.com/bread.png]
[learnyouahaskell.com/almostzipper.png]
[learnyouahaskell.com/asstronaut.png]
[learnyouahaskell.com/picard.png]
[learnyouahaskell.com/spongedisk.png]
[learnyouahaskell.com/cool.png]
[learnyouahaskell.com/zippers.html]
[learnyouahaskell.com/bigtree.png]
[book.realworldhaskell.org/read/index-2.html]
[book.realworldhaskell.org/read/why-functional-programming-why-haskell.html]
[book.realworldhaskell.org/read/getting-started.html]
[book.realworldhaskell.org/read/bibliography.html]
[book.realworldhaskell.org/read/types-and-functions.html]
[book.realworldhaskell.org/read/defining-types-streamlining-functions.html]
[book.realworldhaskell.org/read/functional-programming.html]
[book.realworldhaskell.org/read/writing-a-library-working-with-json-data.html]
[book.realworldhaskell.org/read/using-typeclasses.html]
[book.realworldhaskell.org/read/io.html]
[book.realworldhaskell.org/read/efficient-file-processing-regular-expressions-and-file-name-matching.html]
[book.realworldhaskell.org/read/io-case-study-a-library-for-searching-the-filesystem.html]
[book.realworldhaskell.org/read/code-case-study-parsing-a-binary-data-format.html]
[book.realworldhaskell.org/read/figs/ch11-hpc-round1.png]
[book.realworldhaskell.org/read/figs/ch11-coverage-screen.png]
[book.realworldhaskell.org/read/figs/ch11-hpc-round2.png]
[book.realworldhaskell.org/read/testing-and-quality-assurance.html]
[book.realworldhaskell.org/read/figs/ch12-bad-angled.jpg]
[book.realworldhaskell.org/read/figs/ch12-bad-too-near.jpg]
[book.realworldhaskell.org/read/figs/ch12-bad-too-far.jpg]
[book.realworldhaskell.org/read/figs/ch12-barcode-photo.jpg]
[book.realworldhaskell.org/read/figs/ch12-barcode-generated.png]
[book.realworldhaskell.org/read/figs/ch12-barcode-example.png]
[book.realworldhaskell.org/read/barcode-recognition.html]
[book.realworldhaskell.org/read/data-structures.html]
[book.realworldhaskell.org/read/monads.html]
[book.realworldhaskell.org/read/programming-with-monads.html]
[book.realworldhaskell.org/read/using-parsec.html]
[book.realworldhaskell.org/read/interfacing-with-c-the-ffi.html]
[book.realworldhaskell.org/read/monad-transformers.html]
[book.realworldhaskell.org/read/error-handling.html]
[book.realworldhaskell.org/read/systems-programming-in-haskell.html]
[book.realworldhaskell.org/read/using-databases.html]
[book.realworldhaskell.org/read/extended-example-web-client-programming.html]
[book.realworldhaskell.org/read/figs/gui-glade-3.png]
[book.realworldhaskell.org/read/figs/gui-pod-mainwin.png]
[book.realworldhaskell.org/read/figs/gui-pod-addwin.png]
[book.realworldhaskell.org/read/figs/gui-update-complete.png]
[book.realworldhaskell.org/read/gui-programming-with-gtk-hs.html]
[book.realworldhaskell.org/read/concurrent-and-multicore-programming.html]
[book.realworldhaskell.org/read/figs/ch25-heap-hc.png]
[book.realworldhaskell.org/read/figs/ch25-heap-hy.png]
[book.realworldhaskell.org/read/figs/ch25-heap-hd.png]
[book.realworldhaskell.org/read/profiling-and-optimization.html]
[book.realworldhaskell.org/read/figs/ch25-stack.png]
[book.realworldhaskell.org/read/images/callouts/1.png]
[book.realworldhaskell.org/read/images/callouts/2.png]
[book.realworldhaskell.org/read/images/callouts/3.png]
[book.realworldhaskell.org/read/images/callouts/4.png]
[book.realworldhaskell.org/read/images/callouts/5.png]
[book.realworldhaskell.org/read/images/callouts/6.png]
[book.realworldhaskell.org/read/images/callouts/7.png]
[book.realworldhaskell.org/read/images/callouts/8.png]
[book.realworldhaskell.org/read/images/callouts/9.png]
[book.realworldhaskell.org/read/images/callouts/10.png]
[book.realworldhaskell.org/read/advanced-library-design-building-a-bloom-filter.html]
[book.realworldhaskell.org/read/sockets-and-syslog.html]
[book.realworldhaskell.org/read/software-transactional-memory.html]
[book.realworldhaskell.org/read/figs/win32-download.png]
[book.realworldhaskell.org/read/figs/win32-wizard1.png]
[book.realworldhaskell.org/read/figs/win32-start-menu.png]
[book.realworldhaskell.org/read/figs/win32-ghci.png]
[book.realworldhaskell.org/read/figs/osx-ghci.png]
[book.realworldhaskell.org/read/installing-ghc-and-haskell-libraries.html]
[book.realworldhaskell.org/read/characters-strings-and-escaping-rules.html]
[book.realworldhaskell.org/read/web-site-and-comment-system-usage-and-policies.html]
[chimera.labs.oreilly.com/books/1230000000929/pr01.html]
[chimera.labs.oreilly.com/books/1230000000929/ch01.html]
[chimera.labs.oreilly.com/books/1230000000929/pt01.html]
[chimera.labs.oreilly.com/books/1230000000929/ch02.html]
[chimera.labs.oreilly.com/books/1230000000929/ch03.html]
[chimera.labs.oreilly.com/books/1230000000929/ch04.html]
[chimera.labs.oreilly.com/books/1230000000929/ch05.html]
[chimera.labs.oreilly.com/books/1230000000929/ch06.html]
[chimera.labs.oreilly.com/books/1230000000929/pt02.html]
[chimera.labs.oreilly.com/books/1230000000929/ch07.html]
[chimera.labs.oreilly.com/books/1230000000929/ch08.html]
[chimera.labs.oreilly.com/books/1230000000929/ch09.html]
[chimera.labs.oreilly.com/books/1230000000929/ch10.html]
[chimera.labs.oreilly.com/books/1230000000929/ch11.html]
[chimera.labs.oreilly.com/books/1230000000929/ch12.html]
[chimera.labs.oreilly.com/books/1230000000929/ch13.html]
[chimera.labs.oreilly.com/books/1230000000929/ch14.html]
[chimera.labs.oreilly.com/books/1230000000929/ch15.html]
[chimera.labs.oreilly.com/books/1230000000929/ix01.html]
[taylor.fausak.me/2014/03/04/haskeleton-a-haskell-project-skeleton/taylor.fausak.html]
[www.cse.chalmers.se/_rjmh/QuickCheck/manual_title.html]
[www.cse.chalmers.se/_rjmh/QuickCheck/manual_contents.html]
[www.cse.chalmers.se/_rjmh/QuickCheck/quickCheck]
[www.cse.chalmers.se/_rjmh/QuickCheck/manual_body.html]
[www.cse.chalmers.se/_rjmh/QuickCheck/blank.html]
[phaazon.blogspot.ca/2014/11/abstracting-over-shader-environment.html]
[phaazon.blogspot.ca/2014/11/foreword-abstracting-what-shaders-are.html]
[phaazon.blogspot.ca/2015/03/al-0112-was-shipped.html]
[phaazon.blogspot.ca/2015/03/al-0102-documentation-and-default-paths.html]
[learnyouahaskell.com/higher-order-functions/index.html]
[learnyouahaskell.com/folds.html]
[learnyouahaskell.com/reverse-polish-notation-calculator.html]
[book.realworldhaskell.org/read/index-2.html]
[book.realworldhaskell.org/read/hs.index.html]
[book.realworldhaskell.org/read/bibliography.html]
[book.realworldhaskell.org/read/images/callouts/1.html]
[book.realworldhaskell.org/read/images/callouts/2.html]
[book.realworldhaskell.org/read/images/callouts/3.html]
[book.realworldhaskell.org/read/images/callouts/4.html]
[book.realworldhaskell.org/read/images/callouts/5.html]
[book.realworldhaskell.org/read/images/callouts/6.html]
[book.realworldhaskell.org/read/images/callouts/7.html]
[book.realworldhaskell.org/read/images/callouts/8.html]
[book.realworldhaskell.org/read/images/callouts/9.html]
[book.realworldhaskell.org/read/images/callouts/10.html]
[chimera.labs.oreilly.com/books/1230000000929/co01.html]
[www.cse.chalmers.se/_rjmh/QuickCheck/manual_notes/1.html]
[www.cse.chalmers.se/_rjmh/QuickCheck/manual_notes/2.html]
[www.cse.chalmers.se/_rjmh/QuickCheck/manual_notes/3.html]
[book.realworldhaskell.org/read/hs.index.html]
