[learnyouahaskell.com/chapters.html]
[blog.ezyang.com/2010/06/the-haskell-preprocessor-hierarchy/ +_ -r2.3.delayed]
[en.wikipedia.org/wiki/Hindley–Milner_type_system.6.delayed]
[backblue.gif]
[fade.gif]
[index.html]
[www.mattkeeter.com/projects/constraints/index.html]
[andrew.gibiansky.com/blog/verification/writing-a-sat-solver/index.html]
[learnyouahaskell.com/chapters.html]
[book.realworldhaskell.org/read/index.html]
[chimera.labs.oreilly.com/books/1230000000929/index.html]
[blog.jakuba.net/2014/07/22/building-monad-transformers-part-1.html]
[blog.jakuba.net/2014/07/08/using-phantom-types-for-extra-safety.html]
[blog.jakuba.net/2014/07/10/using-phantom-types-in-haskell-for-extra-safety-part-2.html]
[blog.jakubarnold.cz/2014/07/14/lens-tutorial-introduction-part-1.html]
[taylor.fausak.me/2014/03/04/haskeleton-a-haskell-project-skeleton/index.html]
[www.cse.chalmers.se/_rjmh/QuickCheck/manual.html]
[blog.jakuba.net/2014/07/20/mutable-state-in-haskell.html]
[phaazon.blogspot.ca/2014/11/reactive-programming-through-explicit.html]
[phaazon.blogspot.ca/2015/12/existential-quantification-and-gadt-in.html]
[phaazon.blogspot.ca/2015/03/getting-into-netwire.html]
[www.mattkeeter.com/projects/contours/index.html]
[www.mattkeeter.com/projects/spacewar/index.html]
[www.stackbuilders.com/tutorials/haskell/image-processing/index.html]
[www.stackbuilders.com/tutorials/haskell/bdd-in-haskell-with-hspec/index.html]
[www.cis.upenn.edu/_cis194/spring13/index.html]
[www.stackbuilders.com/tutorials/haskell/ghc-optimization-and-fusion/index.html]
[cis.upenn.edu/_cis194/fall16/index.html]
[austinrochford.com/posts/2013-10-21-generalized-composition-in-haskell.html]
